hello
2
function Object() { [native code] }
null
1,2,3,string
Server started on: 8080
192.168.1.7
Connected!
[0:21:14] - Server started on: 8080
[0:32:28] - Server started on: 8080
[1:1:7] - Server started on: 8080
[1:1:7] - User connected!
[1:1:7] - Connected!
[1:4:34] - Server started on: 8080
[1:4:34] - User connected!
[1:4:34] - Connected!
[1:7:12] - Server started on: 8080
[1:7:12] - User connected!
[1:7:12] - Connected!
[1:23:21] - Server started on: 8080
[1:23:21] - User connected!
[1:23:21] - Connected!
[1:26:27] - Server started on: 8080
[1:26:27] - User connected!
[1:26:27] - [object Object]
[1:26:27] - Connected!
[1:26:45] - Server started on: 8080
[1:26:45] - User connected!
[1:26:45] - Connected!
[1:35:3] - Server started on: 8080
[1:35:3] - User connected!
[1:35:3] - Connected!
[1:35:39] - User connected!
[1:35:39] - Connected!
[1:37:21] - Server started on: 8080
[1:37:21] - User connected!
[1:37:21] - Connected!
[1:37:26] - User connected!
[1:37:26] - Connected!
[1:38:39] - Server started on: 8080
[1:38:39] - User connected!
[1:38:39] - Connected!
[1:38:44] - User connected!
[1:38:44] - Connected!
[1:39:11] - Server started on: 8080
[1:39:11] - User connected!
[1:39:11] - Connected!
[1:39:16] - User connected!
[1:39:16] - Connected!
[1:45:19] - Server started on: 8080
[1:45:19] - User connected!
[1:45:19] - Connected!
[1:46:34] - User connected!
[1:46:41] - User connected!
[1:46:41] - Connected!
[1:49:48] - Server started on: 8080
[1:49:48] - User connected!
[1:49:48] - Connected!
[1:49:53] - User connected!
[1:49:53] - Connected!
